<?xml version="1.0" encoding="UTF-8"?>
<!-- Generated by org.testng.reporters.JUnitXMLReporter -->
<testsuite hostname="DESKTOP-RQ0I3KE" ignored="3" name="Default test" tests="4" failures="0" timestamp="02 May 2019 23:53:54 GMT" time="65.609" errors="0">
  <testcase name="verifyValidationMsgWithInvalidLoginTest" time="3.573" classname="actitimeTests.LoginPageTest"/>
  <testcase name="verifyValidationMsgWithoutCredentialsTest" time="3.089" classname="actitimeTests.LoginPageTest"/>
  <testcase name="verifyValidationMsgWithoutPasswordTest" time="3.073" classname="actitimeTests.LoginPageTest"/>
  <testcase name="verifyValidationMsgWithoutUsernameTest" time="3.322" classname="actitimeTests.LoginPageTest"/>
  <testcase name="verifyPageTitle" time="0.0" classname="actitimeTests.LoginPageTest">
    <ignored/>
  </testcase> <!-- verifyPageTitle -->
  <testcase name="verifyAdminLogin" time="0.0" classname="actitimeTests.LoginPageTest">
    <ignored/>
  </testcase> <!-- verifyAdminLogin -->
  <testcase name="verifyTraineeLoginTest" time="0.0" classname="actitimeTests.LoginPageTest">
    <ignored/>
  </testcase> <!-- verifyTraineeLoginTest -->
</testsuite> <!-- Default test -->
