<?xml version="1.0" encoding="UTF-8"?>
<!-- Generated by org.testng.reporters.JUnitXMLReporter -->
<testsuite hostname="DESKTOP-RQ0I3KE" ignored="0" name="Default test" tests="9" failures="0" timestamp="04 May 2019 16:42:25 GMT" time="189.625" errors="0">
  <testcase name="verifyAdminLogin" time="11.35" classname="actitimeTests.LoginPageTest"/>
  <testcase name="verifyForgotPasswordTest" time="0.884" classname="actitimeTests.LoginPageTest"/>
  <testcase name="verifyLogoutTest" time="17.642" classname="actitimeTests.LoginPageTest"/>
  <testcase name="verifyPageTitle" time="0.026" classname="actitimeTests.LoginPageTest"/>
  <testcase name="verifyTraineeLoginTest" time="13.759" classname="actitimeTests.LoginPageTest"/>
  <testcase name="verifyValidationMsgWithInvalidLoginTest" time="4.183" classname="actitimeTests.LoginPageTest"/>
  <testcase name="verifyValidationMsgWithoutCredentialsTest" time="3.252" classname="actitimeTests.LoginPageTest"/>
  <testcase name="verifyValidationMsgWithoutPasswordTest" time="3.423" classname="actitimeTests.LoginPageTest"/>
  <testcase name="verifyValidationMsgWithoutUsernameTest" time="3.441" classname="actitimeTests.LoginPageTest"/>
</testsuite> <!-- Default test -->
