<?xml version="1.0" encoding="UTF-8"?>
<!-- Generated by org.testng.reporters.JUnitXMLReporter -->
<testsuite hostname="DESKTOP-RQ0I3KE" ignored="3" name="Test" tests="1" failures="0" timestamp="02 May 2019 23:48:26 GMT" time="17.125" errors="0">
  <testcase name="verifyValidationMsgWithInvalidLoginTest" time="3.317" classname="actitimeTests.LoginPageTest"/>
  <testcase name="verifyPageTitle" time="0.0" classname="actitimeTests.LoginPageTest">
    <ignored/>
  </testcase> <!-- verifyPageTitle -->
  <testcase name="verifyAdminLogin" time="0.0" classname="actitimeTests.LoginPageTest">
    <ignored/>
  </testcase> <!-- verifyAdminLogin -->
  <testcase name="verifyTraineeLoginTest" time="0.0" classname="actitimeTests.LoginPageTest">
    <ignored/>
  </testcase> <!-- verifyTraineeLoginTest -->
</testsuite> <!-- Test -->
